<?xml version="1.0" encoding="UTF-8"?>
<!-- Generated by org.testng.reporters.JUnitReportReporter -->
<testsuite skipped="0" hostname="RAKESH" name="eighthRestTest.TestRunner" tests="4" failures="0" timestamp="08 Dec 2020 14:04:33 GMT" time="2.474" errors="0">
  <testcase name="api_for_foreign_exchange" time="0.478" classname="eighthRestTest.TestRunner"/>
  <testcase name="validate_positive_response_code_received" time="0.003" classname="eighthRestTest.TestRunner"/>
  <testcase name="posted_with_correct_information" time="1.718" classname="eighthRestTest.TestRunner"/>
  <testcase name="posted_with_correct_information" time="0.275" classname="eighthRestTest.TestRunner"/>
</testsuite> <!-- eighthRestTest.TestRunner -->
