<?xml version="1.0" encoding="UTF-8"?>
<!-- Generated by org.testng.reporters.JUnitReportReporter -->
<testsuite skipped="0" hostname="RAKESH" name="eighthRestTest.StepDefination" tests="4" failures="0" timestamp="08 Dec 2020 13:39:09 GMT" time="2.915" errors="0">
  <testcase name="validate_positive_response_code_received" time="0.006" classname="eighthRestTest.StepDefination"/>
  <testcase name="api_for_foreign_exchange" time="0.472" classname="eighthRestTest.StepDefination"/>
  <testcase name="posted_with_correct_information" time="0.253" classname="eighthRestTest.StepDefination"/>
  <testcase name="posted_with_correct_information" time="2.184" classname="eighthRestTest.StepDefination"/>
</testsuite> <!-- eighthRestTest.StepDefination -->
